Release 14.6 - xst P.68d (nt64)
Copyright (c) 1995-2013 Xilinx, Inc.  All rights reserved.
--> Parameter TMPDIR set to xst/projnav.tmp


Total REAL time to Xst completion: 0.00 secs
Total CPU time to Xst completion: 0.90 secs
 
--> Parameter xsthdpdir set to xst


Total REAL time to Xst completion: 0.00 secs
Total CPU time to Xst completion: 0.90 secs
 
--> Reading design: clk_divider.prj

TABLE OF CONTENTS
  1) Synthesis Options Summary
  2) HDL Parsing
  3) HDL Elaboration
  4) HDL Synthesis
       4.1) HDL Synthesis Report
  5) Advanced HDL Synthesis
       5.1) Advanced HDL Synthesis Report
  6) Low Level Synthesis
  7) Partition Report
  8) Design Summary
       8.1) Primitive and Black Box Usage
       8.2) Device utilization summary
       8.3) Partition Resource Summary
       8.4) Timing Report
            8.4.1) Clock Information
            8.4.2) Asynchronous Control Signals Information
            8.4.3) Timing Summary
            8.4.4) Timing Details
            8.4.5) Cross Clock Domains Report


=========================================================================
*                      Synthesis Options Summary                        *
=========================================================================
---- Source Parameters
Input File Name                    : "clk_divider.prj"
Ignore Synthesis Constraint File   : NO

---- Target Parameters
Output File Name                   : "clk_divider"
Output Format                      : NGC
Target Device                      : xc6slx16-3-csg324

---- Source Options
Top Module Name                    : clk_divider
Automatic FSM Extraction           : YES
FSM Encoding Algorithm             : Auto
Safe Implementation                : No
FSM Style                          : LUT
RAM Extraction                     : Yes
RAM Style                          : Auto
ROM Extraction                     : Yes
Shift Register Extraction          : YES
ROM Style                          : Auto
Resource Sharing                   : YES
Asynchronous To Synchronous        : NO
Shift Register Minimum Size        : 2
Use DSP Block                      : Auto
Automatic Register Balancing       : No

---- Target Options
LUT Combining                      : Auto
Reduce Control Sets                : Auto
Add IO Buffers                     : YES
Global Maximum Fanout              : 100000
Add Generic Clock Buffer(BUFG)     : 16
Register Duplication               : YES
Optimize Instantiated Primitives   : NO
Use Clock Enable                   : Auto
Use Synchronous Set                : Auto
Use Synchronous Reset              : Auto
Pack IO Registers into IOBs        : Auto
Equivalent register Removal        : YES

---- General Options
Optimization Goal                  : Speed
Optimization Effort                : 1
Power Reduction                    : NO
Keep Hierarchy                     : No
Netlist Hierarchy                  : As_Optimized
RTL Output                         : Yes
Global Optimization                : AllClockNets
Read Cores                         : YES
Write Timing Constraints           : NO
Cross Clock Analysis               : NO
Hierarchy Separator                : /
Bus Delimiter                      : <>
Case Specifier                     : Maintain
Slice Utilization Ratio            : 100
BRAM Utilization Ratio             : 100
DSP48 Utilization Ratio            : 100
Auto BRAM Packing                  : NO
Slice Utilization Ratio Delta      : 5

=========================================================================


=========================================================================
*                          HDL Parsing                                  *
=========================================================================
Analyzing Verilog file "C:\Users\152\Documents\Lab3\clk_divider.v" into library work
Parsing module <clk_divider>.

=========================================================================
*                            HDL Elaboration                            *
=========================================================================

Elaborating module <clk_divider>.
WARNING:HDLCompiler:413 - "C:\Users\152\Documents\Lab3\clk_divider.v" Line 40: Result of 25-bit expression is truncated to fit in 24-bit target.
WARNING:HDLCompiler:413 - "C:\Users\152\Documents\Lab3\clk_divider.v" Line 41: Result of 25-bit expression is truncated to fit in 24-bit target.
WARNING:HDLCompiler:413 - "C:\Users\152\Documents\Lab3\clk_divider.v" Line 42: Result of 25-bit expression is truncated to fit in 24-bit target.
WARNING:HDLCompiler:413 - "C:\Users\152\Documents\Lab3\clk_divider.v" Line 43: Result of 25-bit expression is truncated to fit in 24-bit target.
WARNING:HDLCompiler:634 - "C:\Users\152\Documents\Lab3\clk_divider.v" Line 33: Net <clk_1Hz> does not have a driver.
WARNING:HDLCompiler:634 - "C:\Users\152\Documents\Lab3\clk_divider.v" Line 34: Net <clk_2Hz> does not have a driver.

=========================================================================
*                           HDL Synthesis                               *
=========================================================================

Synthesizing Unit <clk_divider>.
    Related source file is "C:\Users\152\Documents\Lab3\clk_divider.v".
WARNING:Xst:2935 - Signal 'clk_1Hz', unconnected in block 'clk_divider', is tied to its initial value (0).
WARNING:Xst:2935 - Signal 'clk_2Hz', unconnected in block 'clk_divider', is tied to its initial value (0).
    Found 24-bit register for signal <counter5>.
    Found 24-bit register for signal <counter100>.
    Found 1-bit register for signal <clk_5>.
    Found 1-bit register for signal <clk_100>.
    Found 24-bit adder for signal <counter5[23]_GND_1_o_add_3_OUT> created at line 42.
    Found 24-bit adder for signal <counter100[23]_GND_1_o_add_4_OUT> created at line 43.
    Summary:
	inferred   2 Adder/Subtractor(s).
	inferred  50 D-type flip-flop(s).
Unit <clk_divider> synthesized.

=========================================================================
HDL Synthesis Report

Macro Statistics
# Adders/Subtractors                                   : 2
 24-bit adder                                          : 2
# Registers                                            : 4
 1-bit register                                        : 2
 24-bit register                                       : 2

=========================================================================

=========================================================================
*                       Advanced HDL Synthesis                          *
=========================================================================


Synthesizing (advanced) Unit <clk_divider>.
The following registers are absorbed into counter <counter5>: 1 register on signal <counter5>.
The following registers are absorbed into counter <counter100>: 1 register on signal <counter100>.
Unit <clk_divider> synthesized (advanced).

=========================================================================
Advanced HDL Synthesis Report

Macro Statistics
# Counters                                             : 2
 24-bit up counter                                     : 2
# Registers                                            : 2
 Flip-Flops                                            : 2

=========================================================================

=========================================================================
*                         Low Level Synthesis                           *
=========================================================================

Optimizing unit <clk_divider> ...
WARNING:Xst:1293 - FF/Latch <counter100_19> has a constant value of 0 in block <clk_divider>. This FF/Latch will be trimmed during the optimization process.
WARNING:Xst:1896 - Due to other FF/Latch trimming, FF/Latch <counter100_20> has a constant value of 0 in block <clk_divider>. This FF/Latch will be trimmed during the optimization process.
WARNING:Xst:1896 - Due to other FF/Latch trimming, FF/Latch <counter100_21> has a constant value of 0 in block <clk_divider>. This FF/Latch will be trimmed during the optimization process.
WARNING:Xst:1896 - Due to other FF/Latch trimming, FF/Latch <counter100_22> has a constant value of 0 in block <clk_divider>. This FF/Latch will be trimmed during the optimization process.
WARNING:Xst:1896 - Due to other FF/Latch trimming, FF/Latch <counter100_23> has a constant value of 0 in block <clk_divider>. This FF/Latch will be trimmed during the optimization process.

Mapping all equations...
Building and optimizing final netlist ...
Found area constraint ratio of 100 (+ 5) on block clk_divider, actual ratio is 0.

Final Macro Processing ...

=========================================================================
Final Register Report

Macro Statistics
# Registers                                            : 45
 Flip-Flops                                            : 45

=========================================================================

=========================================================================
*                           Partition Report                            *
=========================================================================

Partition Implementation Status
-------------------------------

  No Partitions were found in this design.

-------------------------------

=========================================================================
*                            Design Summary                             *
=========================================================================

Top Level Output File Name         : clk_divider.ngc

Primitive and Black Box Usage:
------------------------------
# BELS                             : 188
#      GND                         : 1
#      INV                         : 2
#      LUT1                        : 41
#      LUT5                        : 27
#      LUT6                        : 32
#      MUXCY                       : 41
#      VCC                         : 1
#      XORCY                       : 43
# FlipFlops/Latches                : 45
#      FD                          : 45
# Clock Buffers                    : 1
#      BUFGP                       : 1
# IO Buffers                       : 4
#      OBUF                        : 4

Device utilization summary:
---------------------------

Selected Device : 6slx16csg324-3 


Slice Logic Utilization: 
 Number of Slice Registers:              45  out of  18224     0%  
 Number of Slice LUTs:                  102  out of   9112     1%  
    Number used as Logic:               102  out of   9112     1%  

Slice Logic Distribution: 
 Number of LUT Flip Flop pairs used:    102
   Number with an unused Flip Flop:      57  out of    102    55%  
   Number with an unused LUT:             0  out of    102     0%  
   Number of fully used LUT-FF pairs:    45  out of    102    44%  
   Number of unique control sets:         1

IO Utilization: 
 Number of IOs:                           5
 Number of bonded IOBs:                   5  out of    232     2%  

Specific Feature Utilization:
 Number of BUFG/BUFGCTRLs:                1  out of     16     6%  

---------------------------
Partition Resource Summary:
---------------------------

  No Partitions were found in this design.

---------------------------


=========================================================================
Timing Report

NOTE: THESE TIMING NUMBERS ARE ONLY A SYNTHESIS ESTIMATE.
      FOR ACCURATE TIMING INFORMATION PLEASE REFER TO THE TRACE REPORT
      GENERATED AFTER PLACE-and-ROUTE.

Clock Information:
------------------
-----------------------------------+------------------------+-------+
Clock Signal                       | Clock buffer(FF name)  | Load  |
-----------------------------------+------------------------+-------+
clk                                | BUFGP                  | 45    |
-----------------------------------+------------------------+-------+

Asynchronous Control Signals Information:
----------------------------------------
No asynchronous control signals found in this design

Timing Summary:
---------------
Speed Grade: -3

   Minimum period: 3.233ns (Maximum Frequency: 309.358MHz)
   Minimum input arrival time before clock: No path found
   Maximum output required time after clock: 3.634ns
   Maximum combinational path delay: No path found

Timing Details:
---------------
All values displayed in nanoseconds (ns)

=========================================================================
Timing constraint: Default period analysis for Clock 'clk'
  Clock period: 3.233ns (frequency: 309.358MHz)
  Total number of paths / destination ports: 1472 / 45
-------------------------------------------------------------------------
Delay:               3.233ns (Levels of Logic = 16)
  Source:            counter100_5 (FF)
  Destination:       counter100_18 (FF)
  Source Clock:      clk rising
  Destination Clock: clk rising

  Data Path: counter100_5 to counter100_18
                                Gate     Net
    Cell:in->out      fanout   Delay   Delay  Logical Name (Net Name)
    ----------------------------------------  ------------
     FD:C->Q              21   0.447   1.114  counter100_5 (counter100_5)
     LUT1:I0->O            1   0.205   0.000  Mcount_counter100_cy<5>_rt (Mcount_counter100_cy<5>_rt)
     MUXCY:S->O            1   0.172   0.000  Mcount_counter100_cy<5> (Mcount_counter100_cy<5>)
     MUXCY:CI->O           1   0.019   0.000  Mcount_counter100_cy<6> (Mcount_counter100_cy<6>)
     MUXCY:CI->O           1   0.019   0.000  Mcount_counter100_cy<7> (Mcount_counter100_cy<7>)
     MUXCY:CI->O           1   0.019   0.000  Mcount_counter100_cy<8> (Mcount_counter100_cy<8>)
     MUXCY:CI->O           1   0.019   0.000  Mcount_counter100_cy<9> (Mcount_counter100_cy<9>)
     MUXCY:CI->O           1   0.019   0.000  Mcount_counter100_cy<10> (Mcount_counter100_cy<10>)
     MUXCY:CI->O           1   0.019   0.000  Mcount_counter100_cy<11> (Mcount_counter100_cy<11>)
     MUXCY:CI->O           1   0.019   0.000  Mcount_counter100_cy<12> (Mcount_counter100_cy<12>)
     MUXCY:CI->O           1   0.019   0.000  Mcount_counter100_cy<13> (Mcount_counter100_cy<13>)
     MUXCY:CI->O           1   0.019   0.000  Mcount_counter100_cy<14> (Mcount_counter100_cy<14>)
     MUXCY:CI->O           1   0.019   0.000  Mcount_counter100_cy<15> (Mcount_counter100_cy<15>)
     MUXCY:CI->O           1   0.019   0.000  Mcount_counter100_cy<16> (Mcount_counter100_cy<16>)
     MUXCY:CI->O           0   0.019   0.000  Mcount_counter100_cy<17> (Mcount_counter100_cy<17>)
     XORCY:CI->O           1   0.180   0.580  Mcount_counter100_xor<18> (Result<18>1)
     LUT6:I5->O            1   0.205   0.000  counter100_18_rstpot (counter100_18_rstpot)
     FD:D                      0.102          counter100_18
    ----------------------------------------
    Total                      3.233ns (1.539ns logic, 1.694ns route)
                                       (47.6% logic, 52.4% route)

=========================================================================
Timing constraint: Default OFFSET OUT AFTER for Clock 'clk'
  Total number of paths / destination ports: 2 / 2
-------------------------------------------------------------------------
Offset:              3.634ns (Levels of Logic = 1)
  Source:            clk_5Hz (FF)
  Destination:       clk_5 (PAD)
  Source Clock:      clk rising

  Data Path: clk_5Hz to clk_5
                                Gate     Net
    Cell:in->out      fanout   Delay   Delay  Logical Name (Net Name)
    ----------------------------------------  ------------
     FD:C->Q               2   0.447   0.616  clk_5Hz (clk_5Hz)
     OBUF:I->O                 2.571          clk_5_OBUF (clk_5)
    ----------------------------------------
    Total                      3.634ns (3.018ns logic, 0.616ns route)
                                       (83.0% logic, 17.0% route)

=========================================================================

Cross Clock Domains Report:
--------------------------

Clock to Setup on destination clock clk
---------------+---------+---------+---------+---------+
               | Src:Rise| Src:Fall| Src:Rise| Src:Fall|
Source Clock   |Dest:Rise|Dest:Rise|Dest:Fall|Dest:Fall|
---------------+---------+---------+---------+---------+
clk            |    3.233|         |         |         |
---------------+---------+---------+---------+---------+

=========================================================================


Total REAL time to Xst completion: 10.00 secs
Total CPU time to Xst completion: 10.72 secs
 
--> 

Total memory usage is 257812 kilobytes

Number of errors   :    0 (   0 filtered)
Number of warnings :   13 (   0 filtered)
Number of infos    :    0 (   0 filtered)

