Release 14.6 - xst P.68d (nt64)
Copyright (c) 1995-2013 Xilinx, Inc.  All rights reserved.
--> Parameter TMPDIR set to xst/projnav.tmp


Total REAL time to Xst completion: 0.00 secs
Total CPU time to Xst completion: 0.12 secs
 
--> Parameter xsthdpdir set to xst


Total REAL time to Xst completion: 0.00 secs
Total CPU time to Xst completion: 0.12 secs
 
--> Reading design: stopwatch.prj

TABLE OF CONTENTS
  1) Synthesis Options Summary
  2) HDL Parsing
  3) HDL Elaboration
  4) HDL Synthesis
       4.1) HDL Synthesis Report
  5) Advanced HDL Synthesis
       5.1) Advanced HDL Synthesis Report
  6) Low Level Synthesis
  7) Partition Report
  8) Design Summary
       8.1) Primitive and Black Box Usage
       8.2) Device utilization summary
       8.3) Partition Resource Summary
       8.4) Timing Report
            8.4.1) Clock Information
            8.4.2) Asynchronous Control Signals Information
            8.4.3) Timing Summary
            8.4.4) Timing Details
            8.4.5) Cross Clock Domains Report


=========================================================================
*                      Synthesis Options Summary                        *
=========================================================================
---- Source Parameters
Input File Name                    : "stopwatch.prj"
Ignore Synthesis Constraint File   : NO

---- Target Parameters
Output File Name                   : "stopwatch"
Output Format                      : NGC
Target Device                      : xc6slx16-3-csg324

---- Source Options
Top Module Name                    : stopwatch
Automatic FSM Extraction           : YES
FSM Encoding Algorithm             : Auto
Safe Implementation                : No
FSM Style                          : LUT
RAM Extraction                     : Yes
RAM Style                          : Auto
ROM Extraction                     : Yes
Shift Register Extraction          : YES
ROM Style                          : Auto
Resource Sharing                   : YES
Asynchronous To Synchronous        : NO
Shift Register Minimum Size        : 2
Use DSP Block                      : Auto
Automatic Register Balancing       : No

---- Target Options
LUT Combining                      : Auto
Reduce Control Sets                : Auto
Add IO Buffers                     : YES
Global Maximum Fanout              : 100000
Add Generic Clock Buffer(BUFG)     : 16
Register Duplication               : YES
Optimize Instantiated Primitives   : NO
Use Clock Enable                   : Auto
Use Synchronous Set                : Auto
Use Synchronous Reset              : Auto
Pack IO Registers into IOBs        : Auto
Equivalent register Removal        : YES

---- General Options
Optimization Goal                  : Speed
Optimization Effort                : 1
Power Reduction                    : NO
Keep Hierarchy                     : No
Netlist Hierarchy                  : As_Optimized
RTL Output                         : Yes
Global Optimization                : AllClockNets
Read Cores                         : YES
Write Timing Constraints           : NO
Cross Clock Analysis               : NO
Hierarchy Separator                : /
Bus Delimiter                      : <>
Case Specifier                     : Maintain
Slice Utilization Ratio            : 100
BRAM Utilization Ratio             : 100
DSP48 Utilization Ratio            : 100
Auto BRAM Packing                  : NO
Slice Utilization Ratio Delta      : 5

=========================================================================


=========================================================================
*                          HDL Parsing                                  *
=========================================================================
Analyzing Verilog file "C:\Users\152\Documents\Lab3\start.v" into library work
Parsing module <start>.
Analyzing Verilog file "C:\Users\152\Documents\Lab3\display.v" into library work
Parsing module <display>.
Analyzing Verilog file "C:\Users\152\Documents\Lab3\debouncer.v" into library work
Parsing module <debouncer>.
Analyzing Verilog file "C:\Users\152\Documents\Lab3\clk_divider.v" into library work
Parsing module <clk_divider>.
Analyzing Verilog file "C:\Users\152\Documents\Lab3\stopwatch.v" into library work
Parsing module <stopwatch>.

=========================================================================
*                            HDL Elaboration                            *
=========================================================================

Elaborating module <stopwatch>.
WARNING:HDLCompiler:872 - "C:\Users\152\Documents\Lab3\stopwatch.v" Line 39: Using initial value of num1 since it is never assigned
WARNING:HDLCompiler:872 - "C:\Users\152\Documents\Lab3\stopwatch.v" Line 40: Using initial value of num2 since it is never assigned
WARNING:HDLCompiler:872 - "C:\Users\152\Documents\Lab3\stopwatch.v" Line 41: Using initial value of num3 since it is never assigned
WARNING:HDLCompiler:872 - "C:\Users\152\Documents\Lab3\stopwatch.v" Line 42: Using initial value of num4 since it is never assigned

Elaborating module <debouncer>.

Elaborating module <clk_divider>.
WARNING:HDLCompiler:413 - "C:\Users\152\Documents\Lab3\clk_divider.v" Line 46: Result of 27-bit expression is truncated to fit in 26-bit target.
WARNING:HDLCompiler:413 - "C:\Users\152\Documents\Lab3\clk_divider.v" Line 54: Result of 27-bit expression is truncated to fit in 26-bit target.
WARNING:HDLCompiler:413 - "C:\Users\152\Documents\Lab3\clk_divider.v" Line 62: Result of 27-bit expression is truncated to fit in 26-bit target.
WARNING:HDLCompiler:413 - "C:\Users\152\Documents\Lab3\clk_divider.v" Line 70: Result of 27-bit expression is truncated to fit in 26-bit target.

Elaborating module <start>.
ERROR:HDLCompiler:1831 - "C:\Users\152\Documents\Lab3\start.v" Line 63: Complex expression in event control
INFO - You can change the severity of this error message to warning using switch -change_error_to_warning "HDLCompiler:1831"
Module start remains a blackbox, due to errors in its contents
WARNING:HDLCompiler:1499 - "C:\Users\152\Documents\Lab3\start.v" Line 21: Empty module <start> remains a black box.

Elaborating module <display>.
WARNING:HDLCompiler:413 - "C:\Users\152\Documents\Lab3\display.v" Line 56: Result of 5-bit expression is truncated to fit in 4-bit target.
WARNING:HDLCompiler:413 - "C:\Users\152\Documents\Lab3\display.v" Line 67: Result of 5-bit expression is truncated to fit in 4-bit target.
--> 

Total memory usage is 204780 kilobytes

Number of errors   :    1 (   0 filtered)
Number of warnings :   11 (   0 filtered)
Number of infos    :    0 (   0 filtered)

